TN:
SF:src/api/routes/accounts.ts
FN:19,(anonymous_0)
FN:36,(anonymous_1)
FN:38,(anonymous_2)
FN:66,(anonymous_3)
FN:96,(anonymous_4)
FN:125,(anonymous_5)
FN:181,(anonymous_6)
FN:236,(anonymous_7)
FN:294,(anonymous_8)
FN:345,(anonymous_9)
FN:352,(anonymous_10)
FN:368,(anonymous_11)
FN:391,(anonymous_12)
FN:413,(anonymous_13)
FN:415,(anonymous_14)
FN:440,(anonymous_15)
FNF:16
FNH:0
FNDA:0,(anonymous_0)
FNDA:0,(anonymous_1)
FNDA:0,(anonymous_2)
FNDA:0,(anonymous_3)
FNDA:0,(anonymous_4)
FNDA:0,(anonymous_5)
FNDA:0,(anonymous_6)
FNDA:0,(anonymous_7)
FNDA:0,(anonymous_8)
FNDA:0,(anonymous_9)
FNDA:0,(anonymous_10)
FNDA:0,(anonymous_11)
FNDA:0,(anonymous_12)
FNDA:0,(anonymous_13)
FNDA:0,(anonymous_14)
FNDA:0,(anonymous_15)
DA:1,0
DA:2,0
DA:3,0
DA:4,0
DA:5,0
DA:6,0
DA:8,0
DA:11,0
DA:12,0
DA:19,0
DA:20,0
DA:21,0
DA:30,0
DA:31,0
DA:32,0
DA:36,0
DA:37,0
DA:38,0
DA:39,0
DA:42,0
DA:44,0
DA:52,0
DA:54,0
DA:55,0
DA:64,0
DA:67,0
DA:68,0
DA:69,0
DA:70,0
DA:76,0
DA:86,0
DA:87,0
DA:88,0
DA:90,0
DA:91,0
DA:95,0
DA:96,0
DA:97,0
DA:100,0
DA:106,0
DA:107,0
DA:116,0
DA:126,0
DA:127,0
DA:128,0
DA:129,0
DA:135,0
DA:143,0
DA:149,0
DA:150,0
DA:151,0
DA:154,0
DA:155,0
DA:161,0
DA:162,0
DA:171,0
DA:182,0
DA:183,0
DA:184,0
DA:185,0
DA:192,0
DA:199,0
DA:200,0
DA:203,0
DA:208,0
DA:216,0
DA:217,0
DA:218,0
DA:221,0
DA:222,0
DA:224,0
DA:225,0
DA:234,0
DA:237,0
DA:238,0
DA:239,0
DA:240,0
DA:247,0
DA:253,0
DA:254,0
DA:255,0
DA:258,0
DA:259,0
DA:264,0
DA:270,0
DA:271,0
DA:272,0
DA:274,0
DA:275,0
DA:278,0
DA:279,0
DA:281,0
DA:282,0
DA:291,0
DA:295,0
DA:296,0
DA:297,0
DA:298,0
DA:304,0
DA:305,0
DA:306,0
DA:309,0
DA:316,0
DA:317,0
DA:321,0
DA:328,0
DA:329,0
DA:330,0
DA:334,0
DA:335,0
DA:338,0
DA:344,0
DA:345,0
DA:346,0
DA:351,0
DA:352,0
DA:353,0
DA:354,0
DA:355,0
DA:357,0
DA:361,0
DA:362,0
DA:363,0
DA:364,0
DA:366,0
DA:367,0
DA:368,0
DA:369,0
DA:373,0
DA:379,0
DA:381,0
DA:382,0
DA:391,0
DA:392,0
DA:393,0
DA:407,0
DA:408,0
DA:409,0
DA:413,0
DA:414,0
DA:415,0
DA:416,0
DA:419,0
DA:420,0
DA:427,0
DA:428,0
DA:429,0
DA:436,0
DA:440,0
DA:441,0
DA:444,0
DA:450,0
DA:451,0
DA:455,0
LF:154
LH:0
BRDA:30,0,0,0
BRDA:37,1,0,0
BRDA:37,1,1,0
BRDA:39,2,0,0
BRDA:39,2,1,0
BRDA:40,3,0,0
BRDA:40,3,1,0
BRDA:69,4,0,0
BRDA:86,5,0,0
BRDA:87,6,0,0
BRDA:95,7,0,0
BRDA:95,7,1,0
BRDA:97,8,0,0
BRDA:97,8,1,0
BRDA:98,9,0,0
BRDA:98,9,1,0
BRDA:128,10,0,0
BRDA:138,11,0,0
BRDA:138,11,1,0
BRDA:139,12,0,0
BRDA:139,12,1,0
BRDA:140,13,0,0
BRDA:140,13,1,0
BRDA:149,14,0,0
BRDA:184,15,0,0
BRDA:199,16,0,0
BRDA:199,17,0,0
BRDA:199,17,1,0
BRDA:216,18,0,0
BRDA:239,19,0,0
BRDA:253,20,0,0
BRDA:258,21,0,0
BRDA:258,22,0,0
BRDA:258,22,1,0
BRDA:270,23,0,0
BRDA:271,24,0,0
BRDA:297,25,0,0
BRDA:304,26,0,0
BRDA:304,26,1,0
BRDA:316,27,0,0
BRDA:316,28,0,0
BRDA:316,28,1,0
BRDA:328,29,0,0
BRDA:335,30,0,0
BRDA:335,30,1,0
BRDA:344,31,0,0
BRDA:344,32,0,0
BRDA:344,32,1,0
BRDA:346,33,0,0
BRDA:346,33,1,0
BRDA:347,34,0,0
BRDA:347,34,1,0
BRDA:354,35,0,0
BRDA:366,36,0,0
BRDA:369,37,0,0
BRDA:369,37,1,0
BRDA:407,38,0,0
BRDA:414,39,0,0
BRDA:414,39,1,0
BRDA:416,40,0,0
BRDA:416,40,1,0
BRDA:417,41,0,0
BRDA:417,41,1,0
BRDA:419,42,0,0
BRF:64
BRH:0
end_of_record
TN:
SF:src/api/routes/alerts.ts
FN:9,(anonymous_0)
FN:26,(anonymous_1)
FN:64,(anonymous_2)
FN:79,(anonymous_3)
FN:82,(anonymous_4)
FN:83,(anonymous_5)
FN:84,(anonymous_6)
FN:85,(anonymous_7)
FN:104,(anonymous_8)
FN:140,(anonymous_9)
FN:191,(anonymous_10)
FN:233,(anonymous_11)
FN:275,(anonymous_12)
FN:310,(anonymous_13)
FN:343,(anonymous_14)
FNF:15
FNH:0
FNDA:0,(anonymous_0)
FNDA:0,(anonymous_1)
FNDA:0,(anonymous_2)
FNDA:0,(anonymous_3)
FNDA:0,(anonymous_4)
FNDA:0,(anonymous_5)
FNDA:0,(anonymous_6)
FNDA:0,(anonymous_7)
FNDA:0,(anonymous_8)
FNDA:0,(anonymous_9)
FNDA:0,(anonymous_10)
FNDA:0,(anonymous_11)
FNDA:0,(anonymous_12)
FNDA:0,(anonymous_13)
FNDA:0,(anonymous_14)
DA:1,0
DA:2,0
DA:3,0
DA:4,0
DA:6,0
DA:9,0
DA:10,0
DA:12,0
DA:13,0
DA:16,0
DA:17,0
DA:20,0
DA:24,0
DA:27,0
DA:28,0
DA:29,0
DA:31,0
DA:37,0
DA:38,0
DA:41,0
DA:42,0
DA:44,0
DA:46,0
DA:48,0
DA:49,0
DA:50,0
DA:53,0
DA:55,0
DA:56,0
DA:62,0
DA:65,0
DA:66,0
DA:69,0
DA:74,0
DA:75,0
DA:76,0
DA:79,0
DA:80,0
DA:81,0
DA:82,0
DA:83,0
DA:84,0
DA:85,0
DA:88,0
DA:95,0
DA:96,0
DA:102,0
DA:105,0
DA:106,0
DA:107,0
DA:110,0
DA:111,0
DA:114,0
DA:121,0
DA:122,0
DA:123,0
DA:125,0
DA:126,0
DA:129,0
DA:131,0
DA:132,0
DA:138,0
DA:141,0
DA:142,0
DA:143,0
DA:146,0
DA:147,0
DA:148,0
DA:150,0
DA:151,0
DA:153,0
DA:154,0
DA:157,0
DA:158,0
DA:161,0
DA:174,0
DA:175,0
DA:176,0
DA:179,0
DA:180,0
DA:182,0
DA:183,0
DA:189,0
DA:192,0
DA:193,0
DA:194,0
DA:197,0
DA:198,0
DA:201,0
DA:213,0
DA:214,0
DA:215,0
DA:217,0
DA:218,0
DA:221,0
DA:222,0
DA:224,0
DA:225,0
DA:231,0
DA:234,0
DA:235,0
DA:236,0
DA:239,0
DA:240,0
DA:243,0
DA:255,0
DA:256,0
DA:257,0
DA:259,0
DA:260,0
DA:263,0
DA:264,0
DA:266,0
DA:267,0
DA:273,0
DA:276,0
DA:277,0
DA:279,0
DA:290,0
DA:291,0
DA:292,0
DA:295,0
DA:296,0
DA:301,0
DA:302,0
DA:308,0
DA:311,0
DA:312,0
DA:313,0
DA:316,0
DA:317,0
DA:320,0
DA:326,0
DA:327,0
DA:328,0
DA:331,0
DA:332,0
DA:334,0
DA:335,0
DA:341,0
DA:344,0
DA:345,0
DA:347,0
DA:353,0
DA:354,0
DA:355,0
DA:358,0
DA:359,0
DA:361,0
DA:362,0
DA:367,0
LF:151
LH:0
BRDA:12,0,0,0
BRDA:12,1,0,0
BRDA:12,1,1,0
BRDA:16,2,0,0
BRDA:16,3,0,0
BRDA:16,3,1,0
BRDA:29,4,0,0
BRDA:29,5,0,0
BRDA:37,6,0,0
BRDA:41,7,0,0
BRDA:41,7,1,0
BRDA:42,8,0,0
BRDA:42,8,1,0
BRDA:48,9,0,0
BRDA:74,10,0,0
BRDA:110,11,0,0
BRDA:121,12,0,0
BRDA:122,13,0,0
BRDA:147,14,0,0
BRDA:150,15,0,0
BRDA:150,16,0,0
BRDA:150,16,1,0
BRDA:153,17,0,0
BRDA:153,18,0,0
BRDA:153,18,1,0
BRDA:157,19,0,0
BRDA:168,20,0,0
BRDA:168,20,1,0
BRDA:169,21,0,0
BRDA:169,21,1,0
BRDA:174,22,0,0
BRDA:197,23,0,0
BRDA:213,24,0,0
BRDA:214,25,0,0
BRDA:239,26,0,0
BRDA:255,27,0,0
BRDA:256,28,0,0
BRDA:290,29,0,0
BRDA:316,30,0,0
BRDA:326,31,0,0
BRDA:353,32,0,0
BRF:41
BRH:0
end_of_record
TN:
SF:src/api/routes/auth.ts
FN:12,(anonymous_0)
FN:53,(anonymous_1)
FN:88,(anonymous_2)
FN:107,(anonymous_3)
FNF:4
FNH:0
FNDA:0,(anonymous_0)
FNDA:0,(anonymous_1)
FNDA:0,(anonymous_2)
FNDA:0,(anonymous_3)
DA:1,0
DA:2,0
DA:3,0
DA:4,0
DA:7,0
DA:12,0
DA:13,0
DA:15,0
DA:16,0
DA:22,0
DA:33,0
DA:34,0
DA:35,0
DA:41,0
DA:53,0
DA:54,0
DA:56,0
DA:57,0
DA:63,0
DA:68,0
DA:69,0
DA:70,0
DA:76,0
DA:88,0
DA:89,0
DA:91,0
DA:92,0
DA:93,0
DA:94,0
DA:98,0
DA:107,0
DA:108,0
DA:110,0
DA:111,0
DA:117,0
DA:121,0
DA:122,0
DA:123,0
DA:129,0
DA:137,0
LF:40
LH:0
BRDA:15,0,0,0
BRDA:15,1,0,0
BRDA:15,1,1,0
BRDA:33,2,0,0
BRDA:56,3,0,0
BRDA:56,4,0,0
BRDA:56,4,1,0
BRDA:68,5,0,0
BRDA:91,6,0,0
BRDA:93,7,0,0
BRDA:110,8,0,0
BRDA:121,9,0,0
BRF:12
BRH:0
end_of_record
TN:
SF:src/api/routes/budgets.ts
FN:9,(anonymous_0)
FN:30,(anonymous_1)
FN:59,(anonymous_2)
FN:98,(anonymous_3)
FN:165,(anonymous_4)
FN:189,(anonymous_5)
FN:245,(anonymous_6)
FN:312,(anonymous_7)
FNF:8
FNH:0
FNDA:0,(anonymous_0)
FNDA:0,(anonymous_1)
FNDA:0,(anonymous_2)
FNDA:0,(anonymous_3)
FNDA:0,(anonymous_4)
FNDA:0,(anonymous_5)
FNDA:0,(anonymous_6)
FNDA:0,(anonymous_7)
DA:1,0
DA:2,0
DA:3,0
DA:4,0
DA:6,0
DA:9,0
DA:10,0
DA:12,0
DA:13,0
DA:16,0
DA:17,0
DA:20,0
DA:21,0
DA:24,0
DA:28,0
DA:31,0
DA:32,0
DA:34,0
DA:43,0
DA:44,0
DA:45,0
DA:48,0
DA:50,0
DA:51,0
DA:57,0
DA:60,0
DA:61,0
DA:62,0
DA:65,0
DA:66,0
DA:69,0
DA:79,0
DA:80,0
DA:81,0
DA:83,0
DA:84,0
DA:87,0
DA:89,0
DA:90,0
DA:96,0
DA:99,0
DA:100,0
DA:101,0
DA:104,0
DA:105,0
DA:109,0
DA:116,0
DA:117,0
DA:121,0
DA:125,0
DA:127,0
DA:128,0
DA:129,0
DA:131,0
DA:132,0
DA:133,0
DA:134,0
DA:135,0
DA:136,0
DA:138,0
DA:139,0
DA:140,0
DA:142,0
DA:143,0
DA:147,0
DA:154,0
DA:155,0
DA:158,0
DA:160,0
DA:161,0
DA:162,0
DA:165,0
DA:166,0
DA:167,0
DA:169,0
DA:180,0
DA:181,0
DA:187,0
DA:190,0
DA:191,0
DA:192,0
DA:195,0
DA:196,0
DA:197,0
DA:199,0
DA:200,0
DA:202,0
DA:203,0
DA:206,0
DA:207,0
DA:210,0
DA:228,0
DA:229,0
DA:230,0
DA:233,0
DA:234,0
DA:236,0
DA:237,0
DA:243,0
DA:246,0
DA:247,0
DA:248,0
DA:249,0
DA:252,0
DA:253,0
DA:257,0
DA:258,0
DA:259,0
DA:263,0
DA:270,0
DA:271,0
DA:274,0
DA:275,0
DA:276,0
DA:277,0
DA:278,0
DA:279,0
DA:280,0
DA:281,0
DA:282,0
DA:284,0
DA:295,0
DA:296,0
DA:297,0
DA:300,0
DA:301,0
DA:303,0
DA:304,0
DA:310,0
DA:313,0
DA:314,0
DA:315,0
DA:318,0
DA:319,0
DA:322,0
DA:328,0
DA:329,0
DA:330,0
DA:333,0
DA:334,0
DA:336,0
DA:337,0
DA:342,0
LF:143
LH:0
BRDA:12,0,0,0
BRDA:12,1,0,0
BRDA:12,1,1,0
BRDA:12,1,2,0
BRDA:12,1,3,0
BRDA:16,2,0,0
BRDA:16,3,0,0
BRDA:16,3,1,0
BRDA:16,3,2,0
BRDA:20,4,0,0
BRDA:20,5,0,0
BRDA:20,5,1,0
BRDA:43,6,0,0
BRDA:65,7,0,0
BRDA:79,8,0,0
BRDA:80,9,0,0
BRDA:104,10,0,0
BRDA:116,11,0,0
BRDA:116,12,0,0
BRDA:116,12,1,0
BRDA:125,13,0,0
BRDA:125,13,1,0
BRDA:125,13,2,0
BRDA:125,13,3,0
BRDA:142,14,0,0
BRDA:142,14,1,0
BRDA:143,15,0,0
BRDA:143,15,1,0
BRDA:154,16,0,0
BRDA:160,17,0,0
BRDA:196,18,0,0
BRDA:196,19,0,0
BRDA:196,19,1,0
BRDA:199,20,0,0
BRDA:199,21,0,0
BRDA:199,21,1,0
BRDA:202,22,0,0
BRDA:206,23,0,0
BRDA:217,24,0,0
BRDA:217,24,1,0
BRDA:218,25,0,0
BRDA:218,25,1,0
BRDA:219,26,0,0
BRDA:219,26,1,0
BRDA:220,27,0,0
BRDA:220,27,1,0
BRDA:228,28,0,0
BRDA:252,29,0,0
BRDA:258,30,0,0
BRDA:270,31,0,0
BRDA:275,32,0,0
BRDA:276,33,0,0
BRDA:277,34,0,0
BRDA:278,35,0,0
BRDA:278,36,0,0
BRDA:278,36,1,0
BRDA:279,37,0,0
BRDA:279,38,0,0
BRDA:279,38,1,0
BRDA:280,39,0,0
BRDA:280,40,0,0
BRDA:280,40,1,0
BRDA:281,41,0,0
BRDA:281,42,0,0
BRDA:281,42,1,0
BRDA:295,43,0,0
BRDA:318,44,0,0
BRDA:328,45,0,0
BRF:68
BRH:0
end_of_record
TN:
SF:src/api/routes/categories.ts
FN:9,(anonymous_0)
FN:30,(anonymous_1)
FN:56,(anonymous_2)
FN:92,(anonymous_3)
FN:149,(anonymous_4)
FN:211,(anonymous_5)
FNF:6
FNH:0
FNDA:0,(anonymous_0)
FNDA:0,(anonymous_1)
FNDA:0,(anonymous_2)
FNDA:0,(anonymous_3)
FNDA:0,(anonymous_4)
FNDA:0,(anonymous_5)
DA:1,0
DA:2,0
DA:3,0
DA:4,0
DA:6,0
DA:9,0
DA:10,0
DA:12,0
DA:13,0
DA:16,0
DA:17,0
DA:20,0
DA:21,0
DA:24,0
DA:28,0
DA:31,0
DA:32,0
DA:34,0
DA:40,0
DA:41,0
DA:42,0
DA:45,0
DA:47,0
DA:48,0
DA:54,0
DA:57,0
DA:58,0
DA:59,0
DA:62,0
DA:63,0
DA:66,0
DA:73,0
DA:74,0
DA:75,0
DA:77,0
DA:78,0
DA:81,0
DA:83,0
DA:84,0
DA:90,0
DA:93,0
DA:94,0
DA:95,0
DA:98,0
DA:99,0
DA:100,0
DA:103,0
DA:104,0
DA:108,0
DA:115,0
DA:116,0
DA:119,0
DA:132,0
DA:133,0
DA:134,0
DA:137,0
DA:138,0
DA:140,0
DA:141,0
DA:147,0
DA:150,0
DA:151,0
DA:152,0
DA:153,0
DA:156,0
DA:157,0
DA:161,0
DA:162,0
DA:163,0
DA:167,0
DA:174,0
DA:175,0
DA:178,0
DA:179,0
DA:180,0
DA:181,0
DA:182,0
DA:183,0
DA:184,0
DA:186,0
DA:194,0
DA:195,0
DA:196,0
DA:199,0
DA:200,0
DA:202,0
DA:203,0
DA:209,0
DA:212,0
DA:213,0
DA:214,0
DA:217,0
DA:218,0
DA:222,0
DA:228,0
DA:229,0
DA:234,0
DA:240,0
DA:241,0
DA:242,0
DA:245,0
DA:246,0
DA:248,0
DA:249,0
DA:254,0
LF:105
LH:0
BRDA:12,0,0,0
BRDA:12,1,0,0
BRDA:12,1,1,0
BRDA:12,1,2,0
BRDA:12,1,3,0
BRDA:16,2,0,0
BRDA:16,3,0,0
BRDA:16,3,1,0
BRDA:16,3,2,0
BRDA:20,4,0,0
BRDA:20,5,0,0
BRDA:20,5,1,0
BRDA:20,5,2,0
BRDA:40,6,0,0
BRDA:62,7,0,0
BRDA:73,8,0,0
BRDA:74,9,0,0
BRDA:99,10,0,0
BRDA:99,11,0,0
BRDA:99,11,1,0
BRDA:103,12,0,0
BRDA:115,13,0,0
BRDA:124,14,0,0
BRDA:124,14,1,0
BRDA:125,15,0,0
BRDA:125,15,1,0
BRDA:126,16,0,0
BRDA:126,16,1,0
BRDA:127,17,0,0
BRDA:127,17,1,0
BRDA:132,18,0,0
BRDA:156,19,0,0
BRDA:162,20,0,0
BRDA:174,21,0,0
BRDA:179,22,0,0
BRDA:180,23,0,0
BRDA:180,24,0,0
BRDA:180,24,1,0
BRDA:181,25,0,0
BRDA:182,26,0,0
BRDA:183,27,0,0
BRDA:183,28,0,0
BRDA:183,28,1,0
BRDA:194,29,0,0
BRDA:217,30,0,0
BRDA:228,31,0,0
BRDA:228,32,0,0
BRDA:228,32,1,0
BRDA:240,33,0,0
BRF:49
BRH:0
end_of_record
TN:
SF:src/api/routes/goals.ts
FN:9,(anonymous_0)
FN:30,(anonymous_1)
FN:46,(anonymous_2)
FN:66,(anonymous_3)
FN:110,(anonymous_4)
FN:155,(anonymous_5)
FN:227,(anonymous_6)
FN:306,(anonymous_7)
FN:377,(anonymous_8)
FNF:9
FNH:0
FNDA:0,(anonymous_0)
FNDA:0,(anonymous_1)
FNDA:0,(anonymous_2)
FNDA:0,(anonymous_3)
FNDA:0,(anonymous_4)
FNDA:0,(anonymous_5)
FNDA:0,(anonymous_6)
FNDA:0,(anonymous_7)
FNDA:0,(anonymous_8)
DA:1,0
DA:2,0
DA:3,0
DA:4,0
DA:6,0
DA:9,0
DA:10,0
DA:12,0
DA:13,0
DA:16,0
DA:17,0
DA:20,0
DA:21,0
DA:24,0
DA:28,0
DA:31,0
DA:32,0
DA:34,0
DA:40,0
DA:41,0
DA:42,0
DA:46,0
DA:47,0
DA:48,0
DA:55,0
DA:57,0
DA:58,0
DA:64,0
DA:67,0
DA:68,0
DA:69,0
DA:72,0
DA:73,0
DA:76,0
DA:83,0
DA:84,0
DA:85,0
DA:87,0
DA:88,0
DA:92,0
DA:93,0
DA:99,0
DA:101,0
DA:102,0
DA:108,0
DA:111,0
DA:112,0
DA:113,0
DA:116,0
DA:117,0
DA:121,0
DA:128,0
DA:129,0
DA:133,0
DA:139,0
DA:140,0
DA:141,0
DA:144,0
DA:146,0
DA:147,0
DA:153,0
DA:156,0
DA:157,0
DA:158,0
DA:161,0
DA:162,0
DA:163,0
DA:165,0
DA:166,0
DA:168,0
DA:169,0
DA:172,0
DA:173,0
DA:176,0
DA:190,0
DA:191,0
DA:192,0
DA:196,0
DA:197,0
DA:206,0
DA:209,0
DA:210,0
DA:216,0
DA:218,0
DA:219,0
DA:225,0
DA:228,0
DA:229,0
DA:230,0
DA:231,0
DA:234,0
DA:235,0
DA:238,0
DA:239,0
DA:243,0
DA:250,0
DA:251,0
DA:255,0
DA:263,0
DA:264,0
DA:265,0
DA:269,0
DA:270,0
DA:281,0
DA:282,0
DA:283,0
DA:287,0
DA:288,0
DA:294,0
DA:295,0
DA:297,0
DA:298,0
DA:304,0
DA:307,0
DA:308,0
DA:309,0
DA:310,0
DA:313,0
DA:314,0
DA:318,0
DA:319,0
DA:320,0
DA:324,0
DA:331,0
DA:332,0
DA:335,0
DA:336,0
DA:337,0
DA:338,0
DA:339,0
DA:340,0
DA:341,0
DA:342,0
DA:344,0
DA:352,0
DA:353,0
DA:354,0
DA:358,0
DA:359,0
DA:365,0
DA:366,0
DA:368,0
DA:369,0
DA:375,0
DA:378,0
DA:379,0
DA:380,0
DA:383,0
DA:384,0
DA:388,0
DA:394,0
DA:400,0
DA:401,0
DA:402,0
DA:405,0
DA:406,0
DA:408,0
DA:409,0
DA:414,0
LF:159
LH:0
BRDA:12,0,0,0
BRDA:12,1,0,0
BRDA:12,1,1,0
BRDA:12,1,2,0
BRDA:12,1,3,0
BRDA:16,2,0,0
BRDA:16,3,0,0
BRDA:16,3,1,0
BRDA:16,3,2,0
BRDA:20,4,0,0
BRDA:20,5,0,0
BRDA:20,5,1,0
BRDA:40,6,0,0
BRDA:47,7,0,0
BRDA:47,7,1,0
BRDA:72,8,0,0
BRDA:83,9,0,0
BRDA:84,10,0,0
BRDA:92,11,0,0
BRDA:92,11,1,0
BRDA:116,12,0,0
BRDA:128,13,0,0
BRDA:139,14,0,0
BRDA:162,15,0,0
BRDA:162,16,0,0
BRDA:162,16,1,0
BRDA:165,17,0,0
BRDA:165,18,0,0
BRDA:165,18,1,0
BRDA:168,19,0,0
BRDA:172,20,0,0
BRDA:181,21,0,0
BRDA:181,21,1,0
BRDA:184,22,0,0
BRDA:184,22,1,0
BRDA:185,23,0,0
BRDA:185,23,1,0
BRDA:190,24,0,0
BRDA:196,25,0,0
BRDA:209,26,0,0
BRDA:209,26,1,0
BRDA:234,27,0,0
BRDA:238,28,0,0
BRDA:238,29,0,0
BRDA:238,29,1,0
BRDA:250,30,0,0
BRDA:250,31,0,0
BRDA:250,31,1,0
BRDA:259,32,0,0
BRDA:259,32,1,0
BRDA:260,33,0,0
BRDA:260,33,1,0
BRDA:263,34,0,0
BRDA:269,35,0,0
BRDA:269,35,1,0
BRDA:281,36,0,0
BRDA:287,37,0,0
BRDA:287,37,1,0
BRDA:313,38,0,0
BRDA:319,39,0,0
BRDA:331,40,0,0
BRDA:336,41,0,0
BRDA:337,42,0,0
BRDA:337,43,0,0
BRDA:337,43,1,0
BRDA:338,44,0,0
BRDA:339,45,0,0
BRDA:340,46,0,0
BRDA:340,47,0,0
BRDA:340,47,1,0
BRDA:341,48,0,0
BRDA:341,49,0,0
BRDA:341,49,1,0
BRDA:352,50,0,0
BRDA:358,51,0,0
BRDA:358,51,1,0
BRDA:383,52,0,0
BRDA:400,53,0,0
BRF:78
BRH:0
end_of_record
TN:
SF:src/api/routes/health.ts
FN:44,(anonymous_0)
FN:59,(anonymous_1)
FN:163,(anonymous_2)
FN:208,(anonymous_3)
FN:253,(anonymous_4)
FN:301,(anonymous_5)
FNF:6
FNH:0
FNDA:0,(anonymous_0)
FNDA:0,(anonymous_1)
FNDA:0,(anonymous_2)
FNDA:0,(anonymous_3)
FNDA:0,(anonymous_4)
FNDA:0,(anonymous_5)
DA:1,0
DA:2,0
DA:3,0
DA:4,0
DA:37,0
DA:44,0
DA:45,0
DA:59,0
DA:60,0
DA:62,0
DA:85,0
DA:86,0
DA:87,0
DA:92,0
DA:94,0
DA:95,0
DA:100,0
DA:102,0
DA:108,0
DA:113,0
DA:114,0
DA:118,0
DA:119,0
DA:120,0
DA:121,0
DA:123,0
DA:124,0
DA:125,0
DA:132,0
DA:137,0
DA:140,0
DA:145,0
DA:146,0
DA:149,0
DA:150,0
DA:153,0
DA:155,0
DA:163,0
DA:164,0
DA:165,0
DA:168,0
DA:173,0
DA:175,0
DA:176,0
DA:177,0
DA:186,0
DA:193,0
DA:194,0
DA:208,0
DA:209,0
DA:210,0
DA:212,0
DA:213,0
DA:214,0
DA:216,0
DA:218,0
DA:219,0
DA:228,0
DA:238,0
DA:239,0
DA:253,0
DA:254,0
DA:256,0
DA:263,0
DA:264,0
DA:266,0
DA:271,0
DA:272,0
DA:277,0
DA:287,0
DA:288,0
DA:301,0
DA:303,0
DA:310,0
LF:74
LH:0
BRDA:49,0,0,0
BRDA:49,0,1,0
BRDA:50,1,0,0
BRDA:50,1,1,0
BRDA:66,2,0,0
BRDA:66,2,1,0
BRDA:67,3,0,0
BRDA:67,3,1,0
BRDA:80,4,0,0
BRDA:80,4,1,0
BRDA:94,5,0,0
BRDA:94,5,1,0
BRDA:123,6,0,0
BRDA:123,6,1,0
BRDA:153,7,0,0
BRDA:153,7,1,0
BRDA:175,8,0,0
BRDA:218,9,0,0
BRDA:266,10,0,0
BRDA:266,10,1,0
BRDA:266,10,2,0
BRDA:266,10,3,0
BRDA:266,10,4,0
BRDA:271,11,0,0
BRDA:271,11,1,0
BRDA:281,12,0,0
BRDA:281,12,1,0
BRDA:282,13,0,0
BRDA:282,13,1,0
BRF:29
BRH:0
end_of_record
TN:
SF:src/api/routes/index.ts
FN:2,(anonymous_0)
FN:3,(anonymous_1)
FN:4,(anonymous_2)
FN:5,(anonymous_3)
FN:6,(anonymous_4)
FN:7,(anonymous_5)
FN:8,(anonymous_6)
FN:9,(anonymous_7)
FN:10,(anonymous_8)
FN:11,(anonymous_9)
FNF:10
FNH:0
FNDA:0,(anonymous_0)
FNDA:0,(anonymous_1)
FNDA:0,(anonymous_2)
FNDA:0,(anonymous_3)
FNDA:0,(anonymous_4)
FNDA:0,(anonymous_5)
FNDA:0,(anonymous_6)
FNDA:0,(anonymous_7)
FNDA:0,(anonymous_8)
FNDA:0,(anonymous_9)
DA:2,0
DA:3,0
DA:4,0
DA:5,0
DA:6,0
DA:7,0
DA:8,0
DA:9,0
DA:10,0
DA:11,0
DA:14,0
DA:15,0
DA:16,0
LF:13
LH:0
BRF:0
BRH:0
end_of_record
TN:
SF:src/api/routes/reports.ts
FN:11,(anonymous_0)
FN:46,(anonymous_1)
FN:69,(anonymous_2)
FN:70,(anonymous_3)
FN:87,(anonymous_4)
FN:118,(anonymous_5)
FN:119,(anonymous_6)
FN:122,(anonymous_7)
FN:123,(anonymous_8)
FN:130,(anonymous_9)
FN:143,(anonymous_10)
FN:165,(anonymous_11)
FN:192,(anonymous_12)
FN:198,(anonymous_13)
FN:199,(anonymous_14)
FN:202,(anonymous_15)
FN:203,(anonymous_16)
FN:205,(anonymous_17)
FN:239,(anonymous_18)
FN:257,(anonymous_19)
FN:298,(anonymous_20)
FN:319,(anonymous_21)
FN:320,(anonymous_22)
FN:321,(anonymous_23)
FN:334,(anonymous_24)
FN:371,(anonymous_25)
FNF:26
FNH:0
FNDA:0,(anonymous_0)
FNDA:0,(anonymous_1)
FNDA:0,(anonymous_2)
FNDA:0,(anonymous_3)
FNDA:0,(anonymous_4)
FNDA:0,(anonymous_5)
FNDA:0,(anonymous_6)
FNDA:0,(anonymous_7)
FNDA:0,(anonymous_8)
FNDA:0,(anonymous_9)
FNDA:0,(anonymous_10)
FNDA:0,(anonymous_11)
FNDA:0,(anonymous_12)
FNDA:0,(anonymous_13)
FNDA:0,(anonymous_14)
FNDA:0,(anonymous_15)
FNDA:0,(anonymous_16)
FNDA:0,(anonymous_17)
FNDA:0,(anonymous_18)
FNDA:0,(anonymous_19)
FNDA:0,(anonymous_20)
FNDA:0,(anonymous_21)
FNDA:0,(anonymous_22)
FNDA:0,(anonymous_23)
FNDA:0,(anonymous_24)
FNDA:0,(anonymous_25)
DA:1,0
DA:2,0
DA:3,0
DA:4,0
DA:6,0
DA:9,0
DA:12,0
DA:13,0
DA:14,0
DA:19,0
DA:20,0
DA:21,0
DA:24,0
DA:25,0
DA:26,0
DA:29,0
DA:40,0
DA:41,0
DA:42,0
DA:46,0
DA:47,0
DA:48,0
DA:49,0
DA:50,0
DA:52,0
DA:53,0
DA:63,0
DA:64,0
DA:66,0
DA:69,0
DA:70,0
DA:72,0
DA:78,0
DA:79,0
DA:85,0
DA:88,0
DA:89,0
DA:90,0
DA:95,0
DA:96,0
DA:97,0
DA:100,0
DA:101,0
DA:102,0
DA:105,0
DA:112,0
DA:113,0
DA:114,0
DA:117,0
DA:118,0
DA:119,0
DA:121,0
DA:122,0
DA:123,0
DA:125,0
DA:128,0
DA:130,0
DA:131,0
DA:132,0
DA:133,0
DA:136,0
DA:137,0
DA:139,0
DA:143,0
DA:145,0
DA:156,0
DA:157,0
DA:163,0
DA:166,0
DA:167,0
DA:170,0
DA:175,0
DA:176,0
DA:177,0
DA:181,0
DA:186,0
DA:187,0
DA:192,0
DA:193,0
DA:194,0
DA:197,0
DA:198,0
DA:199,0
DA:201,0
DA:202,0
DA:203,0
DA:205,0
DA:206,0
DA:209,0
DA:211,0
DA:230,0
DA:231,0
DA:237,0
DA:240,0
DA:241,0
DA:244,0
DA:252,0
DA:253,0
DA:254,0
DA:257,0
DA:259,0
DA:263,0
DA:265,0
DA:266,0
DA:267,0
DA:269,0
DA:270,0
DA:271,0
DA:272,0
DA:273,0
DA:274,0
DA:276,0
DA:277,0
DA:278,0
DA:280,0
DA:281,0
DA:285,0
DA:293,0
DA:294,0
DA:297,0
DA:298,0
DA:299,0
DA:300,0
DA:302,0
DA:315,0
DA:319,0
DA:320,0
DA:321,0
DA:325,0
DA:326,0
DA:332,0
DA:335,0
DA:336,0
DA:337,0
DA:339,0
DA:340,0
DA:343,0
DA:353,0
DA:354,0
DA:356,0
DA:357,0
DA:360,0
DA:362,0
DA:363,0
DA:364,0
DA:368,0
DA:369,0
DA:371,0
DA:381,0
DA:382,0
DA:383,0
DA:385,0
DA:387,0
DA:388,0
DA:393,0
LF:155
LH:0
BRDA:14,0,0,0
BRDA:19,1,0,0
BRDA:19,1,1,0
BRDA:19,2,0,0
BRDA:19,2,1,0
BRDA:40,3,0,0
BRDA:48,4,0,0
BRDA:48,4,1,0
BRDA:49,5,0,0
BRDA:49,5,1,0
BRDA:52,6,0,0
BRDA:56,7,0,0
BRDA:56,7,1,0
BRDA:57,8,0,0
BRDA:57,8,1,0
BRDA:90,9,0,0
BRDA:95,10,0,0
BRDA:95,10,1,0
BRDA:95,11,0,0
BRDA:95,11,1,0
BRDA:112,12,0,0
BRDA:132,13,0,0
BRDA:136,14,0,0
BRDA:136,14,1,0
BRDA:151,15,0,0
BRDA:151,15,1,0
BRDA:175,16,0,0
BRDA:186,17,0,0
BRDA:193,18,0,0
BRDA:193,18,1,0
BRDA:205,19,0,0
BRDA:205,19,1,0
BRDA:206,20,0,0
BRDA:206,20,1,0
BRDA:215,21,0,0
BRDA:215,21,1,0
BRDA:216,22,0,0
BRDA:216,22,1,0
BRDA:217,23,0,0
BRDA:217,23,1,0
BRDA:221,24,0,0
BRDA:221,24,1,0
BRDA:222,25,0,0
BRDA:222,25,1,0
BRDA:223,26,0,0
BRDA:223,26,1,0
BRDA:252,27,0,0
BRDA:263,28,0,0
BRDA:263,28,1,0
BRDA:263,28,2,0
BRDA:263,28,3,0
BRDA:280,29,0,0
BRDA:280,29,1,0
BRDA:281,30,0,0
BRDA:281,30,1,0
BRDA:293,31,0,0
BRDA:298,32,0,0
BRDA:298,32,1,0
BRDA:310,33,0,0
BRDA:310,33,1,0
BRDA:310,34,0,0
BRDA:310,34,1,0
BRDA:337,35,0,0
BRDA:339,36,0,0
BRDA:353,37,0,0
BRDA:356,38,0,0
BRDA:362,39,0,0
BRDA:373,40,0,0
BRDA:373,40,1,0
BRDA:375,41,0,0
BRDA:375,41,1,0
BRDA:376,42,0,0
BRDA:376,42,1,0
BRDA:377,43,0,0
BRDA:377,43,1,0
BRF:75
BRH:0
end_of_record
TN:
SF:src/api/routes/solana.ts
FN:28,(anonymous_0)
FN:53,(anonymous_1)
FN:88,(anonymous_2)
FN:122,(anonymous_3)
FN:164,(anonymous_4)
FN:202,(anonymous_5)
FN:232,(anonymous_6)
FN:272,(anonymous_7)
FN:301,(anonymous_8)
FN:342,(anonymous_9)
FN:379,(anonymous_10)
FN:404,(anonymous_11)
FNF:12
FNH:0
FNDA:0,(anonymous_0)
FNDA:0,(anonymous_1)
FNDA:0,(anonymous_2)
FNDA:0,(anonymous_3)
FNDA:0,(anonymous_4)
FNDA:0,(anonymous_5)
FNDA:0,(anonymous_6)
FNDA:0,(anonymous_7)
FNDA:0,(anonymous_8)
FNDA:0,(anonymous_9)
FNDA:0,(anonymous_10)
FNDA:0,(anonymous_11)
DA:1,0
DA:2,0
DA:3,0
DA:4,0
DA:5,0
DA:6,0
DA:7,0
DA:17,0
DA:20,0
DA:21,0
DA:28,0
DA:29,0
DA:30,0
DA:31,0
DA:32,0
DA:34,0
DA:41,0
DA:42,0
DA:51,0
DA:54,0
DA:55,0
DA:56,0
DA:57,0
DA:63,0
DA:67,0
DA:69,0
DA:70,0
DA:72,0
DA:73,0
DA:74,0
DA:76,0
DA:86,0
DA:89,0
DA:90,0
DA:91,0
DA:92,0
DA:98,0
DA:100,0
DA:101,0
DA:104,0
DA:106,0
DA:107,0
DA:116,0
DA:123,0
DA:124,0
DA:125,0
DA:126,0
DA:132,0
DA:140,0
DA:142,0
DA:143,0
DA:145,0
DA:146,0
DA:147,0
DA:149,0
DA:159,0
DA:165,0
DA:166,0
DA:167,0
DA:168,0
DA:174,0
DA:181,0
DA:183,0
DA:184,0
DA:186,0
DA:187,0
DA:188,0
DA:190,0
DA:200,0
DA:203,0
DA:204,0
DA:205,0
DA:206,0
DA:212,0
DA:213,0
DA:215,0
DA:216,0
DA:225,0
DA:233,0
DA:234,0
DA:235,0
DA:236,0
DA:242,0
DA:251,0
DA:253,0
DA:254,0
DA:256,0
DA:257,0
DA:258,0
DA:260,0
DA:270,0
DA:273,0
DA:274,0
DA:275,0
DA:276,0
DA:282,0
DA:283,0
DA:285,0
DA:286,0
DA:295,0
DA:302,0
DA:303,0
DA:304,0
DA:305,0
DA:311,0
DA:319,0
DA:321,0
DA:322,0
DA:324,0
DA:325,0
DA:326,0
DA:328,0
DA:338,0
DA:343,0
DA:344,0
DA:345,0
DA:346,0
DA:352,0
DA:358,0
DA:360,0
DA:361,0
DA:363,0
DA:364,0
DA:365,0
DA:367,0
DA:377,0
DA:380,0
DA:381,0
DA:382,0
DA:383,0
DA:389,0
DA:390,0
DA:392,0
DA:393,0
DA:402,0
DA:405,0
DA:406,0
DA:407,0
DA:408,0
DA:414,0
DA:415,0
DA:417,0
DA:418,0
DA:419,0
DA:421,0
DA:426,0
LF:146
LH:0
BRDA:56,0,0,0
BRDA:73,1,0,0
BRDA:73,1,1,0
BRDA:91,2,0,0
BRDA:100,3,0,0
BRDA:125,4,0,0
BRDA:146,5,0,0
BRDA:146,5,1,0
BRDA:167,6,0,0
BRDA:187,7,0,0
BRDA:187,7,1,0
BRDA:205,8,0,0
BRDA:235,9,0,0
BRDA:257,10,0,0
BRDA:257,10,1,0
BRDA:275,11,0,0
BRDA:304,12,0,0
BRDA:325,13,0,0
BRDA:325,13,1,0
BRDA:345,14,0,0
BRDA:364,15,0,0
BRDA:364,15,1,0
BRDA:382,16,0,0
BRDA:407,17,0,0
BRDA:418,18,0,0
BRDA:418,18,1,0
BRF:26
BRH:0
end_of_record
TN:
SF:src/api/routes/transactions.ts
FN:31,(anonymous_0)
FN:119,(anonymous_1)
FN:172,(anonymous_2)
FN:230,(anonymous_3)
FN:267,(anonymous_4)
FN:340,(anonymous_5)
FN:380,(anonymous_6)
FN:408,(anonymous_7)
FNF:8
FNH:0
FNDA:0,(anonymous_0)
FNDA:0,(anonymous_1)
FNDA:0,(anonymous_2)
FNDA:0,(anonymous_3)
FNDA:0,(anonymous_4)
FNDA:0,(anonymous_5)
FNDA:0,(anonymous_6)
FNDA:0,(anonymous_7)
DA:1,0
DA:2,0
DA:3,0
DA:4,0
DA:5,0
DA:6,0
DA:9,0
DA:12,0
DA:13,0
DA:20,0
DA:32,0
DA:33,0
DA:34,0
DA:35,0
DA:52,0
DA:54,0
DA:56,0
DA:69,0
DA:70,0
DA:71,0
DA:72,0
DA:73,0
DA:74,0
DA:75,0
DA:76,0
DA:77,0
DA:80,0
DA:82,0
DA:83,0
DA:84,0
DA:88,0
DA:93,0
DA:94,0
DA:97,0
DA:107,0
DA:108,0
DA:117,0
DA:120,0
DA:121,0
DA:122,0
DA:123,0
DA:129,0
DA:141,0
DA:142,0
DA:143,0
DA:145,0
DA:146,0
DA:149,0
DA:151,0
DA:152,0
DA:161,0
DA:173,0
DA:174,0
DA:175,0
DA:176,0
DA:182,0
DA:188,0
DA:195,0
DA:196,0
DA:200,0
DA:201,0
DA:208,0
DA:209,0
DA:213,0
DA:223,0
DA:224,0
DA:225,0
DA:229,0
DA:230,0
DA:235,0
DA:239,0
DA:240,0
DA:244,0
DA:245,0
DA:247,0
DA:248,0
DA:257,0
DA:268,0
DA:269,0
DA:270,0
DA:271,0
DA:278,0
DA:285,0
DA:286,0
DA:289,0
DA:295,0
DA:296,0
DA:303,0
DA:304,0
DA:308,0
DA:320,0
DA:321,0
DA:322,0
DA:325,0
DA:326,0
DA:328,0
DA:329,0
DA:338,0
DA:341,0
DA:342,0
DA:343,0
DA:344,0
DA:350,0
DA:356,0
DA:357,0
DA:358,0
DA:360,0
DA:361,0
DA:364,0
DA:365,0
DA:367,0
DA:368,0
DA:377,0
DA:381,0
DA:382,0
DA:383,0
DA:384,0
DA:390,0
DA:392,0
DA:397,0
DA:398,0
DA:400,0
DA:402,0
DA:403,0
DA:404,0
DA:407,0
DA:409,0
DA:410,0
DA:412,0
DA:413,0
DA:414,0
DA:415,0
DA:418,0
DA:419,0
DA:424,0
DA:426,0
DA:428,0
DA:429,0
DA:433,0
LF:139
LH:0
BRDA:34,0,0,0
BRDA:42,1,0,0
BRDA:43,2,0,0
BRDA:69,3,0,0
BRDA:70,4,0,0
BRDA:71,5,0,0
BRDA:72,6,0,0
BRDA:73,7,0,0
BRDA:74,8,0,0
BRDA:75,9,0,0
BRDA:76,10,0,0
BRDA:82,11,0,0
BRDA:93,12,0,0
BRDA:102,13,0,0
BRDA:102,13,1,0
BRDA:103,14,0,0
BRDA:103,14,1,0
BRDA:122,15,0,0
BRDA:141,16,0,0
BRDA:142,17,0,0
BRDA:175,18,0,0
BRDA:195,19,0,0
BRDA:195,20,0,0
BRDA:195,20,1,0
BRDA:200,21,0,0
BRDA:208,22,0,0
BRDA:208,23,0,0
BRDA:208,23,1,0
BRDA:223,24,0,0
BRDA:229,25,0,0
BRDA:229,26,0,0
BRDA:229,26,1,0
BRDA:239,27,0,0
BRDA:270,28,0,0
BRDA:285,29,0,0
BRDA:285,30,0,0
BRDA:285,30,1,0
BRDA:295,31,0,0
BRDA:303,32,0,0
BRDA:303,33,0,0
BRDA:303,33,1,0
BRDA:320,34,0,0
BRDA:343,35,0,0
BRDA:356,36,0,0
BRDA:357,37,0,0
BRDA:383,38,0,0
BRDA:397,39,0,0
BRDA:398,40,0,0
BRDA:402,41,0,0
BRDA:412,42,0,0
BRDA:412,42,1,0
BRDA:414,43,0,0
BRF:52
BRH:0
end_of_record
TN:
SF:src/config/index.ts
FN:111,validateConfig
FN:122,(anonymous_2)
FN:130,(anonymous_3)
FNF:3
FNH:0
FNDA:0,validateConfig
FNDA:0,(anonymous_2)
FNDA:0,(anonymous_3)
DA:1,0
DA:4,0
DA:10,0
DA:111,0
DA:112,0
DA:122,0
DA:124,0
DA:125,0
DA:130,0
DA:132,0
LF:10
LH:0
BRDA:12,0,0,0
BRDA:12,0,1,0
BRDA:13,1,0,0
BRDA:13,1,1,0
BRDA:20,2,0,0
BRDA:20,2,1,0
BRDA:32,3,0,0
BRDA:32,3,1,0
BRDA:38,4,0,0
BRDA:38,4,1,0
BRDA:39,5,0,0
BRDA:39,5,1,0
BRDA:40,6,0,0
BRDA:40,6,1,0
BRDA:57,7,0,0
BRDA:57,7,1,0
BRDA:66,8,0,0
BRDA:66,8,1,0
BRDA:76,9,0,0
BRDA:76,9,1,0
BRDA:88,10,0,0
BRDA:88,10,1,0
BRDA:90,11,0,0
BRDA:90,11,1,0
BRDA:124,12,0,0
BRF:25
BRH:0
end_of_record
TN:
SF:src/config/supabase.ts
FNF:0
FNH:0
DA:1,0
DA:2,0
DA:8,0
DA:19,0
LF:4
LH:0
BRF:0
BRH:0
end_of_record
TN:
SF:src/jobs/processor.ts
FN:19,(anonymous_0)
FN:26,(anonymous_1)
FN:46,(anonymous_2)
FN:50,(anonymous_3)
FN:81,(anonymous_4)
FN:93,(anonymous_5)
FN:105,(anonymous_6)
FN:106,(anonymous_7)
FN:116,(anonymous_8)
FN:172,(anonymous_9)
FN:190,(anonymous_10)
FN:226,(anonymous_11)
FN:304,(anonymous_12)
FN:322,(anonymous_13)
FN:344,(anonymous_14)
FN:369,(anonymous_15)
FN:419,(anonymous_16)
FN:457,(anonymous_17)
FN:469,(anonymous_18)
FN:502,(anonymous_19)
FN:520,(anonymous_20)
FN:539,(anonymous_21)
FNF:22
FNH:0
FNDA:0,(anonymous_0)
FNDA:0,(anonymous_1)
FNDA:0,(anonymous_2)
FNDA:0,(anonymous_3)
FNDA:0,(anonymous_4)
FNDA:0,(anonymous_5)
FNDA:0,(anonymous_6)
FNDA:0,(anonymous_7)
FNDA:0,(anonymous_8)
FNDA:0,(anonymous_9)
FNDA:0,(anonymous_10)
FNDA:0,(anonymous_11)
FNDA:0,(anonymous_12)
FNDA:0,(anonymous_13)
FNDA:0,(anonymous_14)
FNDA:0,(anonymous_15)
FNDA:0,(anonymous_16)
FNDA:0,(anonymous_17)
FNDA:0,(anonymous_18)
FNDA:0,(anonymous_19)
FNDA:0,(anonymous_20)
FNDA:0,(anonymous_21)
DA:1,0
DA:2,0
DA:3,0
DA:4,0
DA:5,0
DA:6,0
DA:15,0
DA:16,0
DA:17,0
DA:20,0
DA:27,0
DA:28,0
DA:30,0
DA:31,0
DA:32,0
DA:36,0
DA:38,0
DA:39,0
DA:47,0
DA:48,0
DA:51,0
DA:52,0
DA:54,0
DA:55,0
DA:56,0
DA:57,0
DA:59,0
DA:60,0
DA:68,0
DA:69,0
DA:71,0
DA:73,0
DA:74,0
DA:82,0
DA:83,0
DA:84,0
DA:85,0
DA:94,0
DA:95,0
DA:96,0
DA:97,0
DA:106,0
DA:117,0
DA:173,0
DA:175,0
DA:181,0
DA:182,0
DA:185,0
DA:186,0
DA:187,0
DA:190,0
DA:191,0
DA:194,0
DA:195,0
DA:197,0
DA:200,0
DA:208,0
DA:209,0
DA:212,0
DA:216,0
DA:218,0
DA:219,0
DA:227,0
DA:228,0
DA:231,0
DA:237,0
DA:238,0
DA:241,0
DA:242,0
DA:243,0
DA:246,0
DA:248,0
DA:249,0
DA:251,0
DA:266,0
DA:267,0
DA:268,0
DA:272,0
DA:275,0
DA:284,0
DA:285,0
DA:288,0
DA:290,0
DA:294,0
DA:296,0
DA:297,0
DA:305,0
DA:307,0
DA:312,0
DA:313,0
DA:316,0
DA:317,0
DA:318,0
DA:322,0
DA:323,0
DA:326,0
DA:327,0
DA:328,0
DA:330,0
DA:334,0
DA:336,0
DA:337,0
DA:345,0
DA:346,0
DA:347,0
DA:348,0
DA:350,0
DA:355,0
DA:356,0
DA:359,0
DA:361,0
DA:362,0
DA:370,0
DA:372,0
DA:373,0
DA:374,0
DA:375,0
DA:379,0
DA:384,0
DA:385,0
DA:388,0
DA:389,0
DA:390,0
DA:393,0
DA:395,0
DA:396,0
DA:398,0
DA:399,0
DA:402,0
DA:405,0
DA:409,0
DA:411,0
DA:412,0
DA:420,0
DA:422,0
DA:427,0
DA:428,0
DA:431,0
DA:432,0
DA:433,0
DA:436,0
DA:438,0
DA:439,0
DA:441,0
DA:443,0
DA:447,0
DA:449,0
DA:450,0
DA:458,0
DA:461,0
DA:463,0
DA:464,0
DA:470,0
DA:472,0
DA:474,0
DA:475,0
DA:477,0
DA:478,0
DA:480,0
DA:481,0
DA:483,0
DA:484,0
DA:486,0
DA:487,0
DA:489,0
DA:490,0
DA:492,0
DA:493,0
DA:496,0
DA:503,0
DA:505,0
DA:510,0
DA:511,0
DA:514,0
DA:515,0
DA:516,0
DA:520,0
DA:521,0
DA:524,0
DA:525,0
DA:526,0
DA:528,0
DA:532,0
DA:534,0
DA:535,0
DA:545,0
DA:546,0
DA:557,0
DA:558,0
DA:561,0
DA:566,0
LF:191
LH:0
BRDA:31,0,0,0
BRDA:83,1,0,0
BRDA:95,2,0,0
BRDA:109,3,0,0
BRDA:109,3,1,0
BRDA:181,4,0,0
BRDA:185,5,0,0
BRDA:185,6,0,0
BRDA:185,6,1,0
BRDA:208,7,0,0
BRDA:237,8,0,0
BRDA:241,9,0,0
BRDA:241,10,0,0
BRDA:241,10,1,0
BRDA:266,11,0,0
BRDA:284,12,0,0
BRDA:312,13,0,0
BRDA:316,14,0,0
BRDA:316,15,0,0
BRDA:316,15,1,0
BRDA:355,16,0,0
BRDA:373,17,0,0
BRDA:384,18,0,0
BRDA:388,19,0,0
BRDA:388,20,0,0
BRDA:388,20,1,0
BRDA:399,21,0,0
BRDA:427,22,0,0
BRDA:431,23,0,0
BRDA:431,24,0,0
BRDA:431,24,1,0
BRDA:472,25,0,0
BRDA:472,25,1,0
BRDA:472,25,2,0
BRDA:472,25,3,0
BRDA:472,25,4,0
BRDA:472,25,5,0
BRDA:472,25,6,0
BRDA:510,26,0,0
BRDA:514,27,0,0
BRDA:514,28,0,0
BRDA:514,28,1,0
BRDA:557,29,0,0
BRF:43
BRH:0
end_of_record
TN:
SF:src/middleware/auth.ts
FN:20,authMiddleware
FN:107,optionalAuthMiddleware
FN:152,adminAuthMiddleware
FN:157,(anonymous_3)
FN:179,checkAdminRole
FNF:5
FNH:0
FNDA:0,authMiddleware
FNDA:0,optionalAuthMiddleware
FNDA:0,adminAuthMiddleware
FNDA:0,(anonymous_3)
FNDA:0,checkAdminRole
DA:3,0
DA:5,0
DA:20,0
DA:25,0
DA:27,0
DA:28,0
DA:29,0
DA:34,0
DA:37,0
DA:40,0
DA:42,0
DA:43,0
DA:49,0
DA:54,0
DA:58,0
DA:64,0
DA:65,0
DA:70,0
DA:75,0
DA:79,0
DA:85,0
DA:87,0
DA:89,0
DA:95,0
DA:107,0
DA:112,0
DA:113,0
DA:114,0
DA:116,0
DA:117,0
DA:120,0
DA:121,0
DA:123,0
DA:124,0
DA:130,0
DA:131,0
DA:137,0
DA:141,0
DA:144,0
DA:152,0
DA:157,0
DA:160,0
DA:162,0
DA:163,0
DA:168,0
DA:171,0
DA:182,0
DA:185,0
DA:186,0
LF:49
LH:0
BRDA:28,0,0,0
BRDA:28,1,0,0
BRDA:28,1,1,0
BRDA:42,2,0,0
BRDA:42,3,0,0
BRDA:42,3,1,0
BRDA:64,4,0,0
BRDA:64,5,0,0
BRDA:64,5,1,0
BRDA:90,6,0,0
BRDA:90,6,1,0
BRDA:114,7,0,0
BRDA:114,8,0,0
BRDA:114,8,1,0
BRDA:123,9,0,0
BRDA:123,10,0,0
BRDA:123,10,1,0
BRDA:130,11,0,0
BRDA:162,12,0,0
BRF:19
BRH:0
end_of_record
TN:
SF:src/middleware/errorHandler.ts
FN:9,errorHandler
FN:74,asyncHandler
FN:77,(anonymous_2)
FN:85,notFoundHandler
FNF:4
FNH:0
FNDA:0,errorHandler
FNDA:0,asyncHandler
FNDA:0,(anonymous_2)
FNDA:0,notFoundHandler
DA:2,0
DA:9,0
DA:16,0
DA:27,0
DA:28,0
DA:29,0
DA:32,0
DA:33,0
DA:34,0
DA:35,0
DA:36,0
DA:37,0
DA:38,0
DA:39,0
DA:40,0
DA:41,0
DA:42,0
DA:43,0
DA:44,0
DA:45,0
DA:46,0
DA:47,0
DA:48,0
DA:49,0
DA:50,0
DA:51,0
DA:55,0
DA:56,0
DA:60,0
DA:74,0
DA:77,0
DA:78,0
DA:85,0
DA:86,0
LF:34
LH:0
BRDA:32,0,0,0
BRDA:32,0,1,0
BRDA:32,1,0,0
BRDA:32,1,1,0
BRDA:36,2,0,0
BRDA:36,2,1,0
BRDA:40,3,0,0
BRDA:40,3,1,0
BRDA:44,4,0,0
BRDA:44,4,1,0
BRDA:48,5,0,0
BRDA:55,6,0,0
BRDA:55,7,0,0
BRDA:55,7,1,0
BRDA:63,8,0,0
BRDA:63,8,1,0
BRF:16
BRH:0
end_of_record
TN:
SF:src/middleware/rateLimiter.ts
FN:20,createRateLimiter
FN:44,rateLimiterMiddleware
FN:95,createCustomRateLimiter
FN:107,(anonymous_3)
FNF:4
FNH:0
FNDA:0,createRateLimiter
FNDA:0,rateLimiterMiddleware
FNDA:0,createCustomRateLimiter
FNDA:0,(anonymous_3)
DA:2,0
DA:3,0
DA:4,0
DA:9,0
DA:21,0
DA:22,0
DA:24,0
DA:31,0
DA:36,0
DA:39,0
DA:44,0
DA:49,0
DA:51,0
DA:54,0
DA:57,0
DA:60,0
DA:61,0
DA:62,0
DA:65,0
DA:73,0
DA:83,0
DA:95,0
DA:100,0
DA:107,0
DA:108,0
DA:109,0
DA:110,0
DA:111,0
DA:113,0
DA:115,0
DA:119,0
DA:129,0
DA:130,0
LF:33
LH:0
BRDA:21,0,0,0
BRDA:51,1,0,0
BRDA:51,1,1,0
BRDA:60,2,0,0
BRDA:60,2,1,0
BRDA:61,3,0,0
BRDA:61,3,1,0
BRDA:62,4,0,0
BRDA:62,4,1,0
BRDA:66,5,0,0
BRDA:66,5,1,0
BRDA:104,6,0,0
BRDA:104,6,1,0
BRDA:109,7,0,0
BRDA:109,7,1,0
BRDA:113,8,0,0
BRDA:113,8,1,0
BRDA:116,9,0,0
BRDA:116,9,1,0
BRF:19
BRH:0
end_of_record
TN:
SF:src/middleware/validation.ts
FN:7,validateRequest
FNF:1
FNH:0
FNDA:0,validateRequest
DA:2,0
DA:7,0
DA:8,0
DA:10,0
DA:11,0
DA:17,0
DA:20,0
DA:23,0
LF:8
LH:0
BRDA:10,0,0,0
BRF:1
BRH:0
end_of_record
TN:
SF:src/services/budget.service.ts
FN:17,(anonymous_0)
FN:78,(anonymous_1)
FN:108,(anonymous_2)
FN:146,(anonymous_3)
FNF:4
FNH:0
FNDA:0,(anonymous_0)
FNDA:0,(anonymous_1)
FNDA:0,(anonymous_2)
FNDA:0,(anonymous_3)
DA:1,0
DA:2,0
DA:13,0
DA:18,0
DA:20,0
DA:27,0
DA:28,0
DA:29,0
DA:33,0
DA:37,0
DA:39,0
DA:40,0
DA:41,0
DA:43,0
DA:44,0
DA:45,0
DA:46,0
DA:47,0
DA:48,0
DA:50,0
DA:51,0
DA:52,0
DA:54,0
DA:55,0
DA:59,0
DA:67,0
DA:68,0
DA:71,0
DA:73,0
DA:74,0
DA:75,0
DA:78,0
DA:79,0
DA:80,0
DA:83,0
DA:84,0
DA:85,0
DA:86,0
DA:88,0
DA:91,0
DA:100,0
DA:101,0
DA:109,0
DA:110,0
DA:115,0
DA:116,0
DA:117,0
DA:120,0
DA:121,0
DA:123,0
DA:126,0
DA:127,0
DA:131,0
DA:132,0
DA:139,0
DA:147,0
DA:149,0
DA:150,0
DA:152,0
DA:161,0
DA:163,0
DA:166,0
DA:180,0
DA:182,0
DA:187,0
LF:65
LH:0
BRDA:27,0,0,0
BRDA:27,1,0,0
BRDA:27,1,1,0
BRDA:37,2,0,0
BRDA:37,2,1,0
BRDA:37,2,2,0
BRDA:37,2,3,0
BRDA:54,3,0,0
BRDA:54,3,1,0
BRDA:55,4,0,0
BRDA:55,4,1,0
BRDA:67,5,0,0
BRDA:73,6,0,0
BRDA:83,7,0,0
BRDA:83,7,1,0
BRDA:85,8,0,0
BRDA:85,8,1,0
BRDA:115,9,0,0
BRDA:115,10,0,0
BRDA:115,10,1,0
BRDA:123,11,0,0
BRDA:126,12,0,0
BRDA:126,12,1,0
BRDA:131,13,0,0
BRDA:161,14,0,0
BRDA:173,15,0,0
BRDA:173,15,1,0
BRF:27
BRH:0
end_of_record
TN:
SF:src/services/goal.service.ts
FN:18,(anonymous_0)
FN:62,(anonymous_1)
FN:123,(anonymous_2)
FN:163,(anonymous_3)
FN:189,(anonymous_4)
FN:232,(anonymous_5)
FNF:6
FNH:0
FNDA:0,(anonymous_0)
FNDA:0,(anonymous_1)
FNDA:0,(anonymous_2)
FNDA:0,(anonymous_3)
FNDA:0,(anonymous_4)
FNDA:0,(anonymous_5)
DA:1,0
DA:2,0
DA:14,0
DA:19,0
DA:20,0
DA:27,0
DA:28,0
DA:29,0
DA:32,0
DA:33,0
DA:34,0
DA:37,0
DA:38,0
DA:39,0
DA:40,0
DA:41,0
DA:44,0
DA:54,0
DA:55,0
DA:63,0
DA:65,0
DA:72,0
DA:73,0
DA:74,0
DA:78,0
DA:86,0
DA:87,0
DA:88,0
DA:92,0
DA:93,0
DA:102,0
DA:103,0
DA:104,0
DA:108,0
DA:109,0
DA:112,0
DA:113,0
DA:115,0
DA:116,0
DA:124,0
DA:125,0
DA:130,0
DA:131,0
DA:132,0
DA:135,0
DA:136,0
DA:138,0
DA:141,0
DA:142,0
DA:143,0
DA:144,0
DA:149,0
DA:150,0
DA:151,0
DA:156,0
DA:164,0
DA:165,0
DA:180,0
DA:182,0
DA:190,0
DA:192,0
DA:200,0
DA:202,0
DA:206,0
DA:208,0
DA:223,0
DA:225,0
DA:233,0
DA:235,0
DA:236,0
DA:238,0
DA:247,0
DA:248,0
DA:251,0
DA:255,0
DA:270,0
DA:272,0
DA:277,0
LF:78
LH:0
BRDA:27,0,0,0
BRDA:27,1,0,0
BRDA:27,1,1,0
BRDA:33,2,0,0
BRDA:33,2,1,0
BRDA:37,3,0,0
BRDA:37,4,0,0
BRDA:37,4,1,0
BRDA:72,5,0,0
BRDA:72,6,0,0
BRDA:72,6,1,0
BRDA:83,7,0,0
BRDA:83,7,1,0
BRDA:86,8,0,0
BRDA:102,9,0,0
BRDA:108,10,0,0
BRDA:108,11,0,0
BRDA:108,11,1,0
BRDA:130,12,0,0
BRDA:130,13,0,0
BRDA:130,13,1,0
BRDA:138,14,0,0
BRDA:143,15,0,0
BRDA:149,16,0,0
BRDA:149,17,0,0
BRDA:149,17,1,0
BRDA:149,17,2,0
BRDA:150,18,0,0
BRDA:150,19,0,0
BRDA:150,19,1,0
BRDA:200,20,0,0
BRDA:206,21,0,0
BRDA:247,22,0,0
BRDA:251,23,0,0
BRDA:251,23,1,0
BRDA:262,24,0,0
BRDA:262,24,1,0
BRF:37
BRH:0
end_of_record
TN:
SF:src/services/solana.service.ts
FN:39,(anonymous_0)
FN:49,(anonymous_1)
FN:67,(anonymous_2)
FN:91,(anonymous_3)
FN:112,(anonymous_4)
FN:133,(anonymous_5)
FN:154,(anonymous_6)
FN:175,(anonymous_7)
FN:196,(anonymous_8)
FN:208,(anonymous_9)
FN:208,(anonymous_10)
FN:211,(anonymous_11)
FN:211,(anonymous_12)
FN:212,(anonymous_13)
FN:212,(anonymous_14)
FN:213,(anonymous_15)
FN:213,(anonymous_16)
FN:225,(anonymous_17)
FN:240,(anonymous_18)
FN:255,(anonymous_19)
FN:270,(anonymous_20)
FN:290,(anonymous_21)
FN:297,(anonymous_22)
FN:316,(anonymous_23)
FN:326,(anonymous_24)
FNF:25
FNH:0
FNDA:0,(anonymous_0)
FNDA:0,(anonymous_1)
FNDA:0,(anonymous_2)
FNDA:0,(anonymous_3)
FNDA:0,(anonymous_4)
FNDA:0,(anonymous_5)
FNDA:0,(anonymous_6)
FNDA:0,(anonymous_7)
FNDA:0,(anonymous_8)
FNDA:0,(anonymous_9)
FNDA:0,(anonymous_10)
FNDA:0,(anonymous_11)
FNDA:0,(anonymous_12)
FNDA:0,(anonymous_13)
FNDA:0,(anonymous_14)
FNDA:0,(anonymous_15)
FNDA:0,(anonymous_16)
FNDA:0,(anonymous_17)
FNDA:0,(anonymous_18)
FNDA:0,(anonymous_19)
FNDA:0,(anonymous_20)
FNDA:0,(anonymous_21)
FNDA:0,(anonymous_22)
FNDA:0,(anonymous_23)
FNDA:0,(anonymous_24)
DA:13,0
DA:14,0
DA:15,0
DA:32,0
DA:33,0
DA:34,0
DA:41,0
DA:42,0
DA:50,0
DA:55,0
DA:56,0
DA:57,0
DA:59,0
DA:60,0
DA:68,0
DA:69,0
DA:75,0
DA:77,0
DA:78,0
DA:83,0
DA:84,0
DA:92,0
DA:93,0
DA:96,0
DA:98,0
DA:99,0
DA:104,0
DA:105,0
DA:113,0
DA:114,0
DA:117,0
DA:119,0
DA:120,0
DA:125,0
DA:126,0
DA:134,0
DA:135,0
DA:138,0
DA:140,0
DA:141,0
DA:146,0
DA:147,0
DA:155,0
DA:156,0
DA:159,0
DA:161,0
DA:162,0
DA:167,0
DA:168,0
DA:176,0
DA:177,0
DA:180,0
DA:182,0
DA:183,0
DA:188,0
DA:189,0
DA:197,0
DA:198,0
DA:205,0
DA:208,0
DA:211,0
DA:212,0
DA:213,0
DA:217,0
DA:218,0
DA:226,0
DA:227,0
DA:230,0
DA:232,0
DA:233,0
DA:241,0
DA:242,0
DA:245,0
DA:247,0
DA:248,0
DA:256,0
DA:257,0
DA:260,0
DA:262,0
DA:263,0
DA:271,0
DA:276,0
DA:277,0
DA:278,0
DA:279,0
DA:281,0
DA:282,0
DA:283,0
DA:291,0
DA:298,0
DA:299,0
DA:302,0
DA:308,0
DA:309,0
DA:317,0
DA:319,0
DA:321,0
DA:322,0
DA:327,0
DA:328,0
DA:333,0
LF:101
LH:0
BRDA:41,0,0,0
BRDA:41,0,1,0
BRDA:327,1,0,0
BRF:3
BRH:0
end_of_record
TN:
SF:src/services/solana.ts
FN:23,(anonymous_0)
FN:38,(anonymous_1)
FN:57,(anonymous_2)
FN:110,(anonymous_3)
FN:152,(anonymous_4)
FN:215,(anonymous_5)
FN:279,(anonymous_6)
FN:315,(anonymous_7)
FN:330,(anonymous_8)
FNF:9
FNH:0
FNDA:0,(anonymous_0)
FNDA:0,(anonymous_1)
FNDA:0,(anonymous_2)
FNDA:0,(anonymous_3)
FNDA:0,(anonymous_4)
FNDA:0,(anonymous_5)
FNDA:0,(anonymous_6)
FNDA:0,(anonymous_7)
FNDA:0,(anonymous_8)
DA:1,0
DA:10,0
DA:11,0
DA:12,0
DA:17,0
DA:19,0
DA:20,0
DA:24,0
DA:25,0
DA:27,0
DA:28,0
DA:31,0
DA:39,0
DA:40,0
DA:43,0
DA:49,0
DA:50,0
DA:59,0
DA:111,0
DA:112,0
DA:113,0
DA:116,0
DA:119,0
DA:124,0
DA:133,0
DA:139,0
DA:141,0
DA:145,0
DA:159,0
DA:160,0
DA:161,0
DA:164,0
DA:167,0
DA:173,0
DA:175,0
DA:191,0
DA:201,0
DA:203,0
DA:208,0
DA:223,0
DA:224,0
DA:225,0
DA:228,0
DA:231,0
DA:237,0
DA:239,0
DA:256,0
DA:265,0
DA:267,0
DA:272,0
DA:280,0
DA:281,0
DA:282,0
DA:285,0
DA:288,0
DA:293,0
DA:295,0
DA:304,0
DA:308,0
DA:316,0
DA:317,0
DA:318,0
DA:320,0
DA:323,0
DA:331,0
DA:332,0
DA:333,0
DA:334,0
DA:336,0
DA:340,0
DA:346,0
LF:71
LH:0
BRDA:25,0,0,0
BRDA:25,0,1,0
BRDA:27,1,0,0
BRDA:39,2,0,0
BRDA:112,3,0,0
BRDA:142,4,0,0
BRDA:142,4,1,0
BRDA:160,5,0,0
BRDA:204,6,0,0
BRDA:204,6,1,0
BRDA:224,7,0,0
BRDA:268,8,0,0
BRDA:268,8,1,0
BRDA:281,9,0,0
BRDA:305,10,0,0
BRDA:305,10,1,0
BRDA:321,11,0,0
BRDA:321,11,1,0
BRDA:337,12,0,0
BRDA:337,12,1,0
BRF:20
BRH:0
end_of_record
TN:
SF:src/services/transaction.service.ts
FN:16,(anonymous_0)
FN:85,(anonymous_1)
FN:117,(anonymous_2)
FN:163,(anonymous_3)
FN:218,(anonymous_4)
FN:244,(anonymous_5)
FN:266,(anonymous_6)
FN:301,(anonymous_7)
FN:329,(anonymous_8)
FN:343,(anonymous_9)
FN:357,(anonymous_10)
FN:367,(anonymous_11)
FN:395,(anonymous_12)
FN:408,(anonymous_13)
FN:421,(anonymous_14)
FN:422,(anonymous_15)
FNF:16
FNH:0
FNDA:0,(anonymous_0)
FNDA:0,(anonymous_1)
FNDA:0,(anonymous_2)
FNDA:0,(anonymous_3)
FNDA:0,(anonymous_4)
FNDA:0,(anonymous_5)
FNDA:0,(anonymous_6)
FNDA:0,(anonymous_7)
FNDA:0,(anonymous_8)
FNDA:0,(anonymous_9)
FNDA:0,(anonymous_10)
FNDA:0,(anonymous_11)
FNDA:0,(anonymous_12)
FNDA:0,(anonymous_13)
FNDA:0,(anonymous_14)
FNDA:0,(anonymous_15)
DA:1,0
DA:2,0
DA:12,0
DA:22,0
DA:23,0
DA:25,0
DA:38,0
DA:39,0
DA:40,0
DA:41,0
DA:42,0
DA:43,0
DA:44,0
DA:45,0
DA:46,0
DA:49,0
DA:51,0
DA:52,0
DA:53,0
DA:57,0
DA:62,0
DA:63,0
DA:66,0
DA:77,0
DA:78,0
DA:86,0
DA:87,0
DA:99,0
DA:100,0
DA:101,0
DA:103,0
DA:104,0
DA:107,0
DA:109,0
DA:110,0
DA:118,0
DA:120,0
DA:123,0
DA:124,0
DA:127,0
DA:132,0
DA:142,0
DA:143,0
DA:144,0
DA:148,0
DA:149,0
DA:152,0
DA:153,0
DA:155,0
DA:156,0
DA:168,0
DA:170,0
DA:171,0
DA:172,0
DA:176,0
DA:177,0
DA:181,0
DA:182,0
DA:185,0
DA:190,0
DA:202,0
DA:203,0
DA:204,0
DA:207,0
DA:208,0
DA:210,0
DA:211,0
DA:219,0
DA:220,0
DA:226,0
DA:227,0
DA:228,0
DA:230,0
DA:231,0
DA:234,0
DA:236,0
DA:237,0
DA:249,0
DA:250,0
DA:255,0
DA:256,0
DA:258,0
DA:260,0
DA:261,0
DA:262,0
DA:265,0
DA:267,0
DA:268,0
DA:270,0
DA:271,0
DA:272,0
DA:273,0
DA:276,0
DA:277,0
DA:282,0
DA:284,0
DA:293,0
DA:294,0
DA:306,0
DA:307,0
DA:316,0
DA:317,0
DA:319,0
DA:321,0
DA:322,0
DA:323,0
DA:327,0
DA:329,0
DA:330,0
DA:331,0
DA:332,0
DA:334,0
DA:335,0
DA:338,0
DA:339,0
DA:340,0
DA:343,0
DA:349,0
DA:350,0
DA:358,0
DA:360,0
DA:361,0
DA:362,0
DA:363,0
DA:367,0
DA:372,0
DA:381,0
DA:382,0
DA:383,0
DA:386,0
DA:387,0
DA:389,0
DA:390,0
DA:396,0
DA:403,0
DA:404,0
DA:409,0
DA:416,0
DA:417,0
DA:422,0
DA:427,0
DA:431,0
DA:432,0
DA:438,0
LF:144
LH:0
BRDA:18,0,0,0
BRDA:19,1,0,0
BRDA:20,2,0,0
BRDA:38,3,0,0
BRDA:39,4,0,0
BRDA:40,5,0,0
BRDA:41,6,0,0
BRDA:42,7,0,0
BRDA:43,8,0,0
BRDA:44,9,0,0
BRDA:45,10,0,0
BRDA:51,11,0,0
BRDA:62,12,0,0
BRDA:68,13,0,0
BRDA:68,13,1,0
BRDA:72,14,0,0
BRDA:72,14,1,0
BRDA:73,15,0,0
BRDA:73,15,1,0
BRDA:99,16,0,0
BRDA:100,17,0,0
BRDA:123,18,0,0
BRDA:142,19,0,0
BRDA:148,20,0,0
BRDA:148,21,0,0
BRDA:148,21,1,0
BRDA:171,22,0,0
BRDA:176,23,0,0
BRDA:181,24,0,0
BRDA:202,25,0,0
BRDA:226,26,0,0
BRDA:227,27,0,0
BRDA:255,28,0,0
BRDA:256,29,0,0
BRDA:260,30,0,0
BRDA:270,31,0,0
BRDA:270,31,1,0
BRDA:272,32,0,0
BRDA:289,33,0,0
BRDA:289,33,1,0
BRDA:316,34,0,0
BRDA:317,35,0,0
BRDA:321,36,0,0
BRDA:331,37,0,0
BRDA:331,37,1,0
BRDA:334,38,0,0
BRDA:362,39,0,0
BRDA:381,40,0,0
BRDA:403,41,0,0
BRDA:403,42,0,0
BRDA:403,42,1,0
BRDA:416,43,0,0
BRDA:416,44,0,0
BRDA:416,44,1,0
BRDA:431,45,0,0
BRF:55
BRH:0
end_of_record
TN:
SF:src/utils/logger.ts
FN:14,(anonymous_1)
FN:62,createLogger
FN:69,logRequest
FNF:3
FNH:0
FNDA:0,(anonymous_1)
FNDA:0,createLogger
FNDA:0,logRequest
DA:1,0
DA:2,0
DA:8,0
DA:15,0
DA:39,0
DA:40,0
DA:57,0
DA:62,0
DA:63,0
DA:69,0
DA:70,0
DA:81,0
LF:12
LH:0
BRDA:39,0,0,0
BRF:1
BRH:0
end_of_record
TN:
SF:src/utils/supabase.ts
FN:33,getSupabaseUser
FNF:1
FNH:0
FNDA:0,getSupabaseUser
DA:1,0
DA:2,0
DA:9,0
DA:24,0
DA:33,0
DA:34,0
DA:47,0
LF:7
LH:0
BRF:0
BRH:0
end_of_record
